2025-01-03T00:15:58.464+01:00  WARN 33876 --- [HikariPool-1 housekeeper] com.zaxxer.hikari.pool.HikariPool        : HikariPool-1 - Thread starvation or clock leap detected (housekeeper delta=46m22s265ms185µs900ns).
2025-01-03T00:16:21.254+01:00  INFO 33876 --- [SpringApplicationShutdownHook] j.LocalContainerEntityManagerFactoryBean : Closing JPA EntityManagerFactory for persistence unit 'default'
2025-01-03T00:16:21.263+01:00  INFO 33876 --- [SpringApplicationShutdownHook] com.zaxxer.hikari.HikariDataSource       : HikariPool-1 - Shutdown initiated...
2025-01-03T00:16:21.269+01:00  INFO 33876 --- [SpringApplicationShutdownHook] com.zaxxer.hikari.HikariDataSource       : HikariPool-1 - Shutdown completed.
2025-01-03T00:27:34.754+01:00  INFO 25944 --- [main] c.e.u.DdmdemoApplication                 : Starting DdmdemoApplication using Java 22 with PID 25944 (C:\Users\Milica\udd\udd\UDD-back\target\classes started by Milica in C:\Users\Milica\udd\udd\UDD-back)
2025-01-03T00:27:34.757+01:00  INFO 25944 --- [main] c.e.u.DdmdemoApplication                 : No active profile set, falling back to 1 default profile: "default"
2025-01-03T00:27:35.511+01:00  INFO 25944 --- [main] .s.d.r.c.RepositoryConfigurationDelegate : Multiple Spring Data modules found, entering strict repository configuration mode
2025-01-03T00:27:35.512+01:00  INFO 25944 --- [main] .s.d.r.c.RepositoryConfigurationDelegate : Bootstrapping Spring Data Elasticsearch repositories in DEFAULT mode.
2025-01-03T00:27:35.563+01:00  INFO 25944 --- [main] .s.d.r.c.RepositoryConfigurationDelegate : Finished Spring Data repository scanning in 47 ms. Found 2 Elasticsearch repository interfaces.
2025-01-03T00:27:35.808+01:00  INFO 25944 --- [main] .s.d.r.c.RepositoryConfigurationDelegate : Multiple Spring Data modules found, entering strict repository configuration mode
2025-01-03T00:27:35.808+01:00  INFO 25944 --- [main] .s.d.r.c.RepositoryConfigurationDelegate : Bootstrapping Spring Data Reactive Elasticsearch repositories in DEFAULT mode.
2025-01-03T00:27:35.836+01:00  INFO 25944 --- [main] .RepositoryConfigurationExtensionSupport : Spring Data Reactive Elasticsearch - Could not safely identify store assignment for repository candidate interface com.example.udd_security_incidents.repository.DummyRepository; If you want this repository to be a Reactive Elasticsearch repository, consider annotating your entities with one of these annotations: org.springframework.data.elasticsearch.annotations.Document (preferred), or consider extending one of the following types with your repository: org.springframework.data.elasticsearch.repository.ReactiveElasticsearchRepository
2025-01-03T00:27:35.837+01:00  INFO 25944 --- [main] .RepositoryConfigurationExtensionSupport : Spring Data Reactive Elasticsearch - Could not safely identify store assignment for repository candidate interface com.example.udd_security_incidents.repository.UserRepository; If you want this repository to be a Reactive Elasticsearch repository, consider annotating your entities with one of these annotations: org.springframework.data.elasticsearch.annotations.Document (preferred), or consider extending one of the following types with your repository: org.springframework.data.elasticsearch.repository.ReactiveElasticsearchRepository
2025-01-03T00:27:35.838+01:00  INFO 25944 --- [main] .s.d.r.c.RepositoryConfigurationDelegate : Finished Spring Data repository scanning in 29 ms. Found 0 Reactive Elasticsearch repository interfaces.
2025-01-03T00:27:35.846+01:00  INFO 25944 --- [main] .s.d.r.c.RepositoryConfigurationDelegate : Multiple Spring Data modules found, entering strict repository configuration mode
2025-01-03T00:27:35.848+01:00  INFO 25944 --- [main] .s.d.r.c.RepositoryConfigurationDelegate : Bootstrapping Spring Data JPA repositories in DEFAULT mode.
2025-01-03T00:27:35.860+01:00  INFO 25944 --- [main] .RepositoryConfigurationExtensionSupport : Spring Data JPA - Could not safely identify store assignment for repository candidate interface com.example.udd_security_incidents.indexrepository.DummyIndexRepository; If you want this repository to be a JPA repository, consider annotating your entities with one of these annotations: jakarta.persistence.Entity, jakarta.persistence.MappedSuperclass (preferred), or consider extending one of the following types with your repository: org.springframework.data.jpa.repository.JpaRepository
2025-01-03T00:27:35.861+01:00  INFO 25944 --- [main] .RepositoryConfigurationExtensionSupport : Spring Data JPA - Could not safely identify store assignment for repository candidate interface com.example.udd_security_incidents.indexrepository.IncidentsIndexRepository; If you want this repository to be a JPA repository, consider annotating your entities with one of these annotations: jakarta.persistence.Entity, jakarta.persistence.MappedSuperclass (preferred), or consider extending one of the following types with your repository: org.springframework.data.jpa.repository.JpaRepository
2025-01-03T00:27:35.876+01:00  INFO 25944 --- [main] .s.d.r.c.RepositoryConfigurationDelegate : Finished Spring Data repository scanning in 23 ms. Found 2 JPA repository interfaces.
2025-01-03T00:27:36.140+01:00  INFO 25944 --- [main] o.s.cloud.context.scope.GenericScope     : BeanFactory id=c002e2b0-0cda-3de2-802a-e875882ef25c
2025-01-03T00:27:36.716+01:00  INFO 25944 --- [main] o.s.b.w.embedded.tomcat.TomcatWebServer  : Tomcat initialized with port(s): 8080 (http)
2025-01-03T00:27:36.728+01:00  INFO 25944 --- [main] o.apache.catalina.core.StandardService   : Starting service [Tomcat]
2025-01-03T00:27:36.729+01:00  INFO 25944 --- [main] o.apache.catalina.core.StandardEngine    : Starting Servlet engine: [Apache Tomcat/10.1.15]
2025-01-03T00:27:36.871+01:00  INFO 25944 --- [main] o.a.c.c.C.[Tomcat].[localhost].[/]       : Initializing Spring embedded WebApplicationContext
2025-01-03T00:27:36.872+01:00  INFO 25944 --- [main] w.s.c.ServletWebServerApplicationContext : Root WebApplicationContext: initialization completed in 2052 ms
2025-01-03T00:27:37.045+01:00  INFO 25944 --- [main] o.hibernate.jpa.internal.util.LogHelper  : HHH000204: Processing PersistenceUnitInfo [name: default]
2025-01-03T00:27:37.143+01:00  INFO 25944 --- [main] org.hibernate.Version                    : HHH000412: Hibernate ORM core version 6.2.13.Final
2025-01-03T00:27:37.146+01:00  INFO 25944 --- [main] org.hibernate.cfg.Environment            : HHH000406: Using bytecode reflection optimizer
2025-01-03T00:27:37.548+01:00  INFO 25944 --- [main] o.s.o.j.p.SpringPersistenceUnitInfo      : No LoadTimeWeaver setup: ignoring JPA class transformer
2025-01-03T00:27:37.589+01:00  INFO 25944 --- [main] com.zaxxer.hikari.HikariDataSource       : HikariPool-1 - Starting...
2025-01-03T00:27:37.815+01:00  INFO 25944 --- [main] com.zaxxer.hikari.pool.HikariPool        : HikariPool-1 - Added connection org.postgresql.jdbc.PgConnection@6c830ebd
2025-01-03T00:27:37.818+01:00  INFO 25944 --- [main] com.zaxxer.hikari.HikariDataSource       : HikariPool-1 - Start completed.
2025-01-03T00:27:37.869+01:00  WARN 25944 --- [main] org.hibernate.orm.deprecation            : HHH90000025: PostgreSQLDialect does not need to be specified explicitly using 'hibernate.dialect' (remove the property setting and it will be selected by default)
2025-01-03T00:27:39.158+01:00  INFO 25944 --- [main] o.h.e.t.j.p.i.JtaPlatformInitiator       : HHH000489: No JTA platform available (set 'hibernate.transaction.jta.platform' to enable JTA platform integration)
2025-01-03T00:27:39.253+01:00  INFO 25944 --- [main] j.LocalContainerEntityManagerFactoryBean : Initialized JPA EntityManagerFactory for persistence unit 'default'
2025-01-03T00:27:41.700+01:00  INFO 25944 --- [main] ai.djl.pytorch.engine.PtEngine           : PyTorch graph executor optimizer is enabled, this may impact your inference latency and throughput. See: https://docs.djl.ai/docs/development/inference_performance_optimization.html#graph-executor-optimization
2025-01-03T00:27:41.705+01:00  INFO 25944 --- [main] ai.djl.pytorch.engine.PtEngine           : Number of inter-op threads is 16
2025-01-03T00:27:41.706+01:00  INFO 25944 --- [main] ai.djl.pytorch.engine.PtEngine           : Number of intra-op threads is 8
2025-01-03T00:27:41.931+01:00  INFO 25944 --- [main] ai.djl.util.Platform                     : Found matching platform from: jar:file:/C:/Users/Milica/.m2/repository/ai/djl/huggingface/tokenizers/0.28.0/tokenizers-0.28.0.jar!/native/lib/tokenizers.properties
2025-01-03T00:27:42.126+01:00  INFO 25944 --- [main] o.s.b.a.w.s.WelcomePageHandlerMapping    : Adding welcome page: class path resource [static/index.html]
2025-01-03T00:27:42.282+01:00  INFO 25944 --- [main] o.s.s.web.DefaultSecurityFilterChain     : Will secure any request with [org.springframework.security.web.session.DisableEncodeUrlFilter@2ee949d4, org.springframework.security.web.context.request.async.WebAsyncManagerIntegrationFilter@57e9cd2, org.springframework.security.web.context.SecurityContextHolderFilter@3fb54673, org.springframework.security.web.header.HeaderWriterFilter@7b06dce0, org.springframework.web.filter.CorsFilter@2298d741, org.springframework.security.web.authentication.logout.LogoutFilter@67857a20, com.example.udd_security_incidents.service.JwtAuthenticationFilter@3c468360, org.springframework.security.web.savedrequest.RequestCacheAwareFilter@8c54f48, org.springframework.security.web.servletapi.SecurityContextHolderAwareRequestFilter@468dbd07, org.springframework.security.web.authentication.AnonymousAuthenticationFilter@34a48013, org.springframework.security.web.session.SessionManagementFilter@56d4481f, org.springframework.security.web.access.ExceptionTranslationFilter@445adbd7, org.springframework.security.web.access.intercept.AuthorizationFilter@619944a7]
2025-01-03T00:27:42.583+01:00  INFO 25944 --- [main] o.s.b.w.embedded.tomcat.TomcatWebServer  : Tomcat started on port(s): 8080 (http) with context path ''
2025-01-03T00:27:42.594+01:00  INFO 25944 --- [main] c.e.u.DdmdemoApplication                 : Started DdmdemoApplication in 8.424 seconds (process running for 9.596)
2025-01-03T00:27:54.693+01:00  INFO 25944 --- [http-nio-0.0.0.0-8080-exec-1] o.a.c.c.C.[Tomcat].[localhost].[/]       : Initializing Spring DispatcherServlet 'dispatcherServlet'
2025-01-03T00:27:54.694+01:00  INFO 25944 --- [http-nio-0.0.0.0-8080-exec-1] o.s.web.servlet.DispatcherServlet        : Initializing Servlet 'dispatcherServlet'
2025-01-03T00:27:54.695+01:00  INFO 25944 --- [http-nio-0.0.0.0-8080-exec-1] o.s.web.servlet.DispatcherServlet        : Completed initialization in 1 ms
2025-01-03T00:30:00.716+01:00  INFO 25944 --- [SpringApplicationShutdownHook] j.LocalContainerEntityManagerFactoryBean : Closing JPA EntityManagerFactory for persistence unit 'default'
2025-01-03T00:30:00.718+01:00  INFO 25944 --- [SpringApplicationShutdownHook] com.zaxxer.hikari.HikariDataSource       : HikariPool-1 - Shutdown initiated...
2025-01-03T00:30:00.723+01:00  INFO 25944 --- [SpringApplicationShutdownHook] com.zaxxer.hikari.HikariDataSource       : HikariPool-1 - Shutdown completed.
2025-01-03T00:30:04.604+01:00  INFO 34528 --- [main] c.e.u.DdmdemoApplication                 : Starting DdmdemoApplication using Java 22 with PID 34528 (C:\Users\Milica\udd\udd\UDD-back\target\classes started by Milica in C:\Users\Milica\udd\udd\UDD-back)
2025-01-03T00:30:04.606+01:00  INFO 34528 --- [main] c.e.u.DdmdemoApplication                 : No active profile set, falling back to 1 default profile: "default"
2025-01-03T00:30:05.336+01:00  INFO 34528 --- [main] .s.d.r.c.RepositoryConfigurationDelegate : Multiple Spring Data modules found, entering strict repository configuration mode
2025-01-03T00:30:05.337+01:00  INFO 34528 --- [main] .s.d.r.c.RepositoryConfigurationDelegate : Bootstrapping Spring Data Elasticsearch repositories in DEFAULT mode.
2025-01-03T00:30:05.397+01:00  INFO 34528 --- [main] .s.d.r.c.RepositoryConfigurationDelegate : Finished Spring Data repository scanning in 54 ms. Found 2 Elasticsearch repository interfaces.
2025-01-03T00:30:05.647+01:00  INFO 34528 --- [main] .s.d.r.c.RepositoryConfigurationDelegate : Multiple Spring Data modules found, entering strict repository configuration mode
2025-01-03T00:30:05.648+01:00  INFO 34528 --- [main] .s.d.r.c.RepositoryConfigurationDelegate : Bootstrapping Spring Data Reactive Elasticsearch repositories in DEFAULT mode.
2025-01-03T00:30:05.690+01:00  INFO 34528 --- [main] .RepositoryConfigurationExtensionSupport : Spring Data Reactive Elasticsearch - Could not safely identify store assignment for repository candidate interface com.example.udd_security_incidents.repository.DummyRepository; If you want this repository to be a Reactive Elasticsearch repository, consider annotating your entities with one of these annotations: org.springframework.data.elasticsearch.annotations.Document (preferred), or consider extending one of the following types with your repository: org.springframework.data.elasticsearch.repository.ReactiveElasticsearchRepository
2025-01-03T00:30:05.692+01:00  INFO 34528 --- [main] .RepositoryConfigurationExtensionSupport : Spring Data Reactive Elasticsearch - Could not safely identify store assignment for repository candidate interface com.example.udd_security_incidents.repository.UserRepository; If you want this repository to be a Reactive Elasticsearch repository, consider annotating your entities with one of these annotations: org.springframework.data.elasticsearch.annotations.Document (preferred), or consider extending one of the following types with your repository: org.springframework.data.elasticsearch.repository.ReactiveElasticsearchRepository
2025-01-03T00:30:05.692+01:00  INFO 34528 --- [main] .s.d.r.c.RepositoryConfigurationDelegate : Finished Spring Data repository scanning in 43 ms. Found 0 Reactive Elasticsearch repository interfaces.
2025-01-03T00:30:05.701+01:00  INFO 34528 --- [main] .s.d.r.c.RepositoryConfigurationDelegate : Multiple Spring Data modules found, entering strict repository configuration mode
2025-01-03T00:30:05.702+01:00  INFO 34528 --- [main] .s.d.r.c.RepositoryConfigurationDelegate : Bootstrapping Spring Data JPA repositories in DEFAULT mode.
2025-01-03T00:30:05.715+01:00  INFO 34528 --- [main] .RepositoryConfigurationExtensionSupport : Spring Data JPA - Could not safely identify store assignment for repository candidate interface com.example.udd_security_incidents.indexrepository.DummyIndexRepository; If you want this repository to be a JPA repository, consider annotating your entities with one of these annotations: jakarta.persistence.Entity, jakarta.persistence.MappedSuperclass (preferred), or consider extending one of the following types with your repository: org.springframework.data.jpa.repository.JpaRepository
2025-01-03T00:30:05.717+01:00  INFO 34528 --- [main] .RepositoryConfigurationExtensionSupport : Spring Data JPA - Could not safely identify store assignment for repository candidate interface com.example.udd_security_incidents.indexrepository.IncidentsIndexRepository; If you want this repository to be a JPA repository, consider annotating your entities with one of these annotations: jakarta.persistence.Entity, jakarta.persistence.MappedSuperclass (preferred), or consider extending one of the following types with your repository: org.springframework.data.jpa.repository.JpaRepository
2025-01-03T00:30:05.731+01:00  INFO 34528 --- [main] .s.d.r.c.RepositoryConfigurationDelegate : Finished Spring Data repository scanning in 25 ms. Found 2 JPA repository interfaces.
2025-01-03T00:30:06.036+01:00  INFO 34528 --- [main] o.s.cloud.context.scope.GenericScope     : BeanFactory id=c002e2b0-0cda-3de2-802a-e875882ef25c
2025-01-03T00:30:06.652+01:00  INFO 34528 --- [main] o.s.b.w.embedded.tomcat.TomcatWebServer  : Tomcat initialized with port(s): 8080 (http)
2025-01-03T00:30:06.663+01:00  INFO 34528 --- [main] o.apache.catalina.core.StandardService   : Starting service [Tomcat]
2025-01-03T00:30:06.664+01:00  INFO 34528 --- [main] o.apache.catalina.core.StandardEngine    : Starting Servlet engine: [Apache Tomcat/10.1.15]
2025-01-03T00:30:06.882+01:00  INFO 34528 --- [main] o.a.c.c.C.[Tomcat].[localhost].[/]       : Initializing Spring embedded WebApplicationContext
2025-01-03T00:30:06.882+01:00  INFO 34528 --- [main] w.s.c.ServletWebServerApplicationContext : Root WebApplicationContext: initialization completed in 2210 ms
2025-01-03T00:30:07.046+01:00  INFO 34528 --- [main] o.hibernate.jpa.internal.util.LogHelper  : HHH000204: Processing PersistenceUnitInfo [name: default]
2025-01-03T00:30:07.207+01:00  INFO 34528 --- [main] org.hibernate.Version                    : HHH000412: Hibernate ORM core version 6.2.13.Final
2025-01-03T00:30:07.212+01:00  INFO 34528 --- [main] org.hibernate.cfg.Environment            : HHH000406: Using bytecode reflection optimizer
2025-01-03T00:30:07.596+01:00  INFO 34528 --- [main] o.s.o.j.p.SpringPersistenceUnitInfo      : No LoadTimeWeaver setup: ignoring JPA class transformer
2025-01-03T00:30:07.640+01:00  INFO 34528 --- [main] com.zaxxer.hikari.HikariDataSource       : HikariPool-1 - Starting...
2025-01-03T00:30:07.896+01:00  INFO 34528 --- [main] com.zaxxer.hikari.pool.HikariPool        : HikariPool-1 - Added connection org.postgresql.jdbc.PgConnection@537b3be1
2025-01-03T00:30:07.898+01:00  INFO 34528 --- [main] com.zaxxer.hikari.HikariDataSource       : HikariPool-1 - Start completed.
2025-01-03T00:30:07.938+01:00  WARN 34528 --- [main] org.hibernate.orm.deprecation            : HHH90000025: PostgreSQLDialect does not need to be specified explicitly using 'hibernate.dialect' (remove the property setting and it will be selected by default)
2025-01-03T00:30:09.134+01:00  INFO 34528 --- [main] o.h.e.t.j.p.i.JtaPlatformInitiator       : HHH000489: No JTA platform available (set 'hibernate.transaction.jta.platform' to enable JTA platform integration)
2025-01-03T00:30:09.223+01:00  INFO 34528 --- [main] j.LocalContainerEntityManagerFactoryBean : Initialized JPA EntityManagerFactory for persistence unit 'default'
2025-01-03T00:30:12.261+01:00  INFO 34528 --- [main] ai.djl.pytorch.engine.PtEngine           : PyTorch graph executor optimizer is enabled, this may impact your inference latency and throughput. See: https://docs.djl.ai/docs/development/inference_performance_optimization.html#graph-executor-optimization
2025-01-03T00:30:12.264+01:00  INFO 34528 --- [main] ai.djl.pytorch.engine.PtEngine           : Number of inter-op threads is 16
2025-01-03T00:30:12.264+01:00  INFO 34528 --- [main] ai.djl.pytorch.engine.PtEngine           : Number of intra-op threads is 8
2025-01-03T00:30:12.427+01:00  INFO 34528 --- [main] ai.djl.util.Platform                     : Found matching platform from: jar:file:/C:/Users/Milica/.m2/repository/ai/djl/huggingface/tokenizers/0.28.0/tokenizers-0.28.0.jar!/native/lib/tokenizers.properties
2025-01-03T00:30:12.643+01:00  INFO 34528 --- [main] o.s.b.a.w.s.WelcomePageHandlerMapping    : Adding welcome page: class path resource [static/index.html]
2025-01-03T00:30:12.804+01:00  INFO 34528 --- [main] o.s.s.web.DefaultSecurityFilterChain     : Will secure any request with [org.springframework.security.web.session.DisableEncodeUrlFilter@5b7600ec, org.springframework.security.web.context.request.async.WebAsyncManagerIntegrationFilter@43f23338, org.springframework.security.web.context.SecurityContextHolderFilter@6049b4c9, org.springframework.security.web.header.HeaderWriterFilter@1dfd39fe, org.springframework.web.filter.CorsFilter@2ca8bd50, org.springframework.security.web.authentication.logout.LogoutFilter@65e639f2, com.example.udd_security_incidents.service.JwtAuthenticationFilter@4a0f4282, org.springframework.security.web.savedrequest.RequestCacheAwareFilter@495cac83, org.springframework.security.web.servletapi.SecurityContextHolderAwareRequestFilter@297db6ad, org.springframework.security.web.authentication.AnonymousAuthenticationFilter@47db5b8f, org.springframework.security.web.session.SessionManagementFilter@465a121d, org.springframework.security.web.access.ExceptionTranslationFilter@592e315e, org.springframework.security.web.access.intercept.AuthorizationFilter@7a3c541e]
2025-01-03T00:30:13.083+01:00  INFO 34528 --- [main] o.s.b.w.embedded.tomcat.TomcatWebServer  : Tomcat started on port(s): 8080 (http) with context path ''
2025-01-03T00:30:13.137+01:00  INFO 34528 --- [main] c.e.u.DdmdemoApplication                 : Started DdmdemoApplication in 9.19 seconds (process running for 10.647)
2025-01-03T00:30:19.415+01:00  INFO 34528 --- [http-nio-0.0.0.0-8080-exec-1] o.a.c.c.C.[Tomcat].[localhost].[/]       : Initializing Spring DispatcherServlet 'dispatcherServlet'
2025-01-03T00:30:19.416+01:00  INFO 34528 --- [http-nio-0.0.0.0-8080-exec-1] o.s.web.servlet.DispatcherServlet        : Initializing Servlet 'dispatcherServlet'
2025-01-03T00:30:19.417+01:00  INFO 34528 --- [http-nio-0.0.0.0-8080-exec-1] o.s.web.servlet.DispatcherServlet        : Completed initialization in 1 ms
2025-01-03T00:33:54.964+01:00  WARN 34528 --- [HikariPool-1 housekeeper] com.zaxxer.hikari.pool.HikariPool        : HikariPool-1 - Thread starvation or clock leap detected (housekeeper delta=3m46s965ms566µs300ns).
2025-01-03T00:33:55.041+01:00  INFO 34528 --- [SpringApplicationShutdownHook] j.LocalContainerEntityManagerFactoryBean : Closing JPA EntityManagerFactory for persistence unit 'default'
2025-01-03T00:33:55.043+01:00  INFO 34528 --- [SpringApplicationShutdownHook] com.zaxxer.hikari.HikariDataSource       : HikariPool-1 - Shutdown initiated...
2025-01-03T00:33:55.051+01:00  INFO 34528 --- [SpringApplicationShutdownHook] com.zaxxer.hikari.HikariDataSource       : HikariPool-1 - Shutdown completed.
2025-01-03T14:26:29.163+01:00  INFO 16212 --- [main] c.e.u.DdmdemoApplication                 : Starting DdmdemoApplication using Java 22 with PID 16212 (C:\Users\Milica\udd\udd\UDD-back\target\classes started by Milica in C:\Users\Milica\udd\udd\UDD-back)
2025-01-03T14:26:29.166+01:00  INFO 16212 --- [main] c.e.u.DdmdemoApplication                 : No active profile set, falling back to 1 default profile: "default"
2025-01-03T14:26:29.968+01:00  INFO 16212 --- [main] .s.d.r.c.RepositoryConfigurationDelegate : Multiple Spring Data modules found, entering strict repository configuration mode
2025-01-03T14:26:29.969+01:00  INFO 16212 --- [main] .s.d.r.c.RepositoryConfigurationDelegate : Bootstrapping Spring Data Elasticsearch repositories in DEFAULT mode.
2025-01-03T14:26:30.029+01:00  INFO 16212 --- [main] .s.d.r.c.RepositoryConfigurationDelegate : Finished Spring Data repository scanning in 55 ms. Found 2 Elasticsearch repository interfaces.
2025-01-03T14:26:30.312+01:00  INFO 16212 --- [main] .s.d.r.c.RepositoryConfigurationDelegate : Multiple Spring Data modules found, entering strict repository configuration mode
2025-01-03T14:26:30.312+01:00  INFO 16212 --- [main] .s.d.r.c.RepositoryConfigurationDelegate : Bootstrapping Spring Data Reactive Elasticsearch repositories in DEFAULT mode.
2025-01-03T14:26:30.343+01:00  INFO 16212 --- [main] .RepositoryConfigurationExtensionSupport : Spring Data Reactive Elasticsearch - Could not safely identify store assignment for repository candidate interface com.example.udd_security_incidents.repository.DummyRepository; If you want this repository to be a Reactive Elasticsearch repository, consider annotating your entities with one of these annotations: org.springframework.data.elasticsearch.annotations.Document (preferred), or consider extending one of the following types with your repository: org.springframework.data.elasticsearch.repository.ReactiveElasticsearchRepository
2025-01-03T14:26:30.345+01:00  INFO 16212 --- [main] .RepositoryConfigurationExtensionSupport : Spring Data Reactive Elasticsearch - Could not safely identify store assignment for repository candidate interface com.example.udd_security_incidents.repository.UserRepository; If you want this repository to be a Reactive Elasticsearch repository, consider annotating your entities with one of these annotations: org.springframework.data.elasticsearch.annotations.Document (preferred), or consider extending one of the following types with your repository: org.springframework.data.elasticsearch.repository.ReactiveElasticsearchRepository
2025-01-03T14:26:30.345+01:00  INFO 16212 --- [main] .s.d.r.c.RepositoryConfigurationDelegate : Finished Spring Data repository scanning in 32 ms. Found 0 Reactive Elasticsearch repository interfaces.
2025-01-03T14:26:30.356+01:00  INFO 16212 --- [main] .s.d.r.c.RepositoryConfigurationDelegate : Multiple Spring Data modules found, entering strict repository configuration mode
2025-01-03T14:26:30.357+01:00  INFO 16212 --- [main] .s.d.r.c.RepositoryConfigurationDelegate : Bootstrapping Spring Data JPA repositories in DEFAULT mode.
2025-01-03T14:26:30.369+01:00  INFO 16212 --- [main] .RepositoryConfigurationExtensionSupport : Spring Data JPA - Could not safely identify store assignment for repository candidate interface com.example.udd_security_incidents.indexrepository.DummyIndexRepository; If you want this repository to be a JPA repository, consider annotating your entities with one of these annotations: jakarta.persistence.Entity, jakarta.persistence.MappedSuperclass (preferred), or consider extending one of the following types with your repository: org.springframework.data.jpa.repository.JpaRepository
2025-01-03T14:26:30.370+01:00  INFO 16212 --- [main] .RepositoryConfigurationExtensionSupport : Spring Data JPA - Could not safely identify store assignment for repository candidate interface com.example.udd_security_incidents.indexrepository.IncidentsIndexRepository; If you want this repository to be a JPA repository, consider annotating your entities with one of these annotations: jakarta.persistence.Entity, jakarta.persistence.MappedSuperclass (preferred), or consider extending one of the following types with your repository: org.springframework.data.jpa.repository.JpaRepository
2025-01-03T14:26:30.386+01:00  INFO 16212 --- [main] .s.d.r.c.RepositoryConfigurationDelegate : Finished Spring Data repository scanning in 25 ms. Found 2 JPA repository interfaces.
2025-01-03T14:26:30.695+01:00  INFO 16212 --- [main] o.s.cloud.context.scope.GenericScope     : BeanFactory id=c002e2b0-0cda-3de2-802a-e875882ef25c
2025-01-03T14:26:31.329+01:00  INFO 16212 --- [main] o.s.b.w.embedded.tomcat.TomcatWebServer  : Tomcat initialized with port(s): 8080 (http)
2025-01-03T14:26:31.343+01:00  INFO 16212 --- [main] o.apache.catalina.core.StandardService   : Starting service [Tomcat]
2025-01-03T14:26:31.344+01:00  INFO 16212 --- [main] o.apache.catalina.core.StandardEngine    : Starting Servlet engine: [Apache Tomcat/10.1.15]
2025-01-03T14:26:31.506+01:00  INFO 16212 --- [main] o.a.c.c.C.[Tomcat].[localhost].[/]       : Initializing Spring embedded WebApplicationContext
2025-01-03T14:26:31.506+01:00  INFO 16212 --- [main] w.s.c.ServletWebServerApplicationContext : Root WebApplicationContext: initialization completed in 2280 ms
2025-01-03T14:26:31.696+01:00  INFO 16212 --- [main] o.hibernate.jpa.internal.util.LogHelper  : HHH000204: Processing PersistenceUnitInfo [name: default]
2025-01-03T14:26:31.797+01:00  INFO 16212 --- [main] org.hibernate.Version                    : HHH000412: Hibernate ORM core version 6.2.13.Final
2025-01-03T14:26:31.801+01:00  INFO 16212 --- [main] org.hibernate.cfg.Environment            : HHH000406: Using bytecode reflection optimizer
2025-01-03T14:26:32.249+01:00  INFO 16212 --- [main] o.s.o.j.p.SpringPersistenceUnitInfo      : No LoadTimeWeaver setup: ignoring JPA class transformer
2025-01-03T14:26:32.305+01:00  INFO 16212 --- [main] com.zaxxer.hikari.HikariDataSource       : HikariPool-1 - Starting...
2025-01-03T14:26:32.590+01:00  INFO 16212 --- [main] com.zaxxer.hikari.pool.HikariPool        : HikariPool-1 - Added connection org.postgresql.jdbc.PgConnection@6c830ebd
2025-01-03T14:26:32.592+01:00  INFO 16212 --- [main] com.zaxxer.hikari.HikariDataSource       : HikariPool-1 - Start completed.
2025-01-03T14:26:32.669+01:00  WARN 16212 --- [main] org.hibernate.orm.deprecation            : HHH90000025: PostgreSQLDialect does not need to be specified explicitly using 'hibernate.dialect' (remove the property setting and it will be selected by default)
2025-01-03T14:26:33.807+01:00  INFO 16212 --- [main] o.h.e.t.j.p.i.JtaPlatformInitiator       : HHH000489: No JTA platform available (set 'hibernate.transaction.jta.platform' to enable JTA platform integration)
2025-01-03T14:26:33.919+01:00  INFO 16212 --- [main] j.LocalContainerEntityManagerFactoryBean : Initialized JPA EntityManagerFactory for persistence unit 'default'
2025-01-03T14:26:39.274+01:00  INFO 16212 --- [main] ai.djl.pytorch.engine.PtEngine           : PyTorch graph executor optimizer is enabled, this may impact your inference latency and throughput. See: https://docs.djl.ai/docs/development/inference_performance_optimization.html#graph-executor-optimization
2025-01-03T14:26:39.321+01:00  INFO 16212 --- [main] ai.djl.pytorch.engine.PtEngine           : Number of inter-op threads is 16
2025-01-03T14:26:39.322+01:00  INFO 16212 --- [main] ai.djl.pytorch.engine.PtEngine           : Number of intra-op threads is 8
2025-01-03T14:26:39.648+01:00  INFO 16212 --- [main] ai.djl.util.Platform                     : Found matching platform from: jar:file:/C:/Users/Milica/.m2/repository/ai/djl/huggingface/tokenizers/0.28.0/tokenizers-0.28.0.jar!/native/lib/tokenizers.properties
2025-01-03T14:26:40.015+01:00  INFO 16212 --- [main] o.s.b.a.w.s.WelcomePageHandlerMapping    : Adding welcome page: class path resource [static/index.html]
2025-01-03T14:26:40.206+01:00  INFO 16212 --- [main] o.s.s.web.DefaultSecurityFilterChain     : Will secure any request with [org.springframework.security.web.session.DisableEncodeUrlFilter@7b237c2c, org.springframework.security.web.context.request.async.WebAsyncManagerIntegrationFilter@6018a6a2, org.springframework.security.web.context.SecurityContextHolderFilter@4ff233f9, org.springframework.security.web.header.HeaderWriterFilter@2898cd46, org.springframework.web.filter.CorsFilter@3ae5cbb9, org.springframework.security.web.authentication.logout.LogoutFilter@7410c197, com.example.udd_security_incidents.service.JwtAuthenticationFilter@3c468360, org.springframework.security.web.savedrequest.RequestCacheAwareFilter@bf0025d, org.springframework.security.web.servletapi.SecurityContextHolderAwareRequestFilter@7c144349, org.springframework.security.web.authentication.AnonymousAuthenticationFilter@1f15d346, org.springframework.security.web.session.SessionManagementFilter@1368ed98, org.springframework.security.web.access.ExceptionTranslationFilter@51617b93, org.springframework.security.web.access.intercept.AuthorizationFilter@7fcc8d9f]
2025-01-03T14:26:40.564+01:00  INFO 16212 --- [main] o.s.b.w.embedded.tomcat.TomcatWebServer  : Tomcat started on port(s): 8080 (http) with context path ''
2025-01-03T14:26:40.577+01:00  INFO 16212 --- [main] c.e.u.DdmdemoApplication                 : Started DdmdemoApplication in 12.042 seconds (process running for 13.421)
2025-01-03T14:27:25.066+01:00  INFO 16212 --- [http-nio-0.0.0.0-8080-exec-1] o.a.c.c.C.[Tomcat].[localhost].[/]       : Initializing Spring DispatcherServlet 'dispatcherServlet'
2025-01-03T14:27:25.067+01:00  INFO 16212 --- [http-nio-0.0.0.0-8080-exec-1] o.s.web.servlet.DispatcherServlet        : Initializing Servlet 'dispatcherServlet'
2025-01-03T14:27:25.069+01:00  INFO 16212 --- [http-nio-0.0.0.0-8080-exec-1] o.s.web.servlet.DispatcherServlet        : Completed initialization in 2 ms
2025-01-03T14:27:39.070+01:00  INFO 16212 --- [SpringApplicationShutdownHook] j.LocalContainerEntityManagerFactoryBean : Closing JPA EntityManagerFactory for persistence unit 'default'
2025-01-03T14:27:39.072+01:00  INFO 16212 --- [SpringApplicationShutdownHook] com.zaxxer.hikari.HikariDataSource       : HikariPool-1 - Shutdown initiated...
2025-01-03T14:27:39.076+01:00  INFO 16212 --- [SpringApplicationShutdownHook] com.zaxxer.hikari.HikariDataSource       : HikariPool-1 - Shutdown completed.
2025-01-03T14:27:42.932+01:00  INFO 9492 --- [main] c.e.u.DdmdemoApplication                 : Starting DdmdemoApplication using Java 22 with PID 9492 (C:\Users\Milica\udd\udd\UDD-back\target\classes started by Milica in C:\Users\Milica\udd\udd\UDD-back)
2025-01-03T14:27:42.935+01:00  INFO 9492 --- [main] c.e.u.DdmdemoApplication                 : No active profile set, falling back to 1 default profile: "default"
2025-01-03T14:27:43.764+01:00  INFO 9492 --- [main] .s.d.r.c.RepositoryConfigurationDelegate : Multiple Spring Data modules found, entering strict repository configuration mode
2025-01-03T14:27:43.765+01:00  INFO 9492 --- [main] .s.d.r.c.RepositoryConfigurationDelegate : Bootstrapping Spring Data Elasticsearch repositories in DEFAULT mode.
2025-01-03T14:27:43.820+01:00  INFO 9492 --- [main] .s.d.r.c.RepositoryConfigurationDelegate : Finished Spring Data repository scanning in 50 ms. Found 2 Elasticsearch repository interfaces.
2025-01-03T14:27:44.072+01:00  INFO 9492 --- [main] .s.d.r.c.RepositoryConfigurationDelegate : Multiple Spring Data modules found, entering strict repository configuration mode
2025-01-03T14:27:44.074+01:00  INFO 9492 --- [main] .s.d.r.c.RepositoryConfigurationDelegate : Bootstrapping Spring Data Reactive Elasticsearch repositories in DEFAULT mode.
2025-01-03T14:27:44.103+01:00  INFO 9492 --- [main] .RepositoryConfigurationExtensionSupport : Spring Data Reactive Elasticsearch - Could not safely identify store assignment for repository candidate interface com.example.udd_security_incidents.repository.DummyRepository; If you want this repository to be a Reactive Elasticsearch repository, consider annotating your entities with one of these annotations: org.springframework.data.elasticsearch.annotations.Document (preferred), or consider extending one of the following types with your repository: org.springframework.data.elasticsearch.repository.ReactiveElasticsearchRepository
2025-01-03T14:27:44.105+01:00  INFO 9492 --- [main] .RepositoryConfigurationExtensionSupport : Spring Data Reactive Elasticsearch - Could not safely identify store assignment for repository candidate interface com.example.udd_security_incidents.repository.UserRepository; If you want this repository to be a Reactive Elasticsearch repository, consider annotating your entities with one of these annotations: org.springframework.data.elasticsearch.annotations.Document (preferred), or consider extending one of the following types with your repository: org.springframework.data.elasticsearch.repository.ReactiveElasticsearchRepository
2025-01-03T14:27:44.105+01:00  INFO 9492 --- [main] .s.d.r.c.RepositoryConfigurationDelegate : Finished Spring Data repository scanning in 30 ms. Found 0 Reactive Elasticsearch repository interfaces.
2025-01-03T14:27:44.113+01:00  INFO 9492 --- [main] .s.d.r.c.RepositoryConfigurationDelegate : Multiple Spring Data modules found, entering strict repository configuration mode
2025-01-03T14:27:44.114+01:00  INFO 9492 --- [main] .s.d.r.c.RepositoryConfigurationDelegate : Bootstrapping Spring Data JPA repositories in DEFAULT mode.
2025-01-03T14:27:44.130+01:00  INFO 9492 --- [main] .RepositoryConfigurationExtensionSupport : Spring Data JPA - Could not safely identify store assignment for repository candidate interface com.example.udd_security_incidents.indexrepository.DummyIndexRepository; If you want this repository to be a JPA repository, consider annotating your entities with one of these annotations: jakarta.persistence.Entity, jakarta.persistence.MappedSuperclass (preferred), or consider extending one of the following types with your repository: org.springframework.data.jpa.repository.JpaRepository
2025-01-03T14:27:44.131+01:00  INFO 9492 --- [main] .RepositoryConfigurationExtensionSupport : Spring Data JPA - Could not safely identify store assignment for repository candidate interface com.example.udd_security_incidents.indexrepository.IncidentsIndexRepository; If you want this repository to be a JPA repository, consider annotating your entities with one of these annotations: jakarta.persistence.Entity, jakarta.persistence.MappedSuperclass (preferred), or consider extending one of the following types with your repository: org.springframework.data.jpa.repository.JpaRepository
2025-01-03T14:27:44.146+01:00  INFO 9492 --- [main] .s.d.r.c.RepositoryConfigurationDelegate : Finished Spring Data repository scanning in 27 ms. Found 2 JPA repository interfaces.
2025-01-03T14:27:44.470+01:00  INFO 9492 --- [main] o.s.cloud.context.scope.GenericScope     : BeanFactory id=c002e2b0-0cda-3de2-802a-e875882ef25c
2025-01-03T14:27:45.088+01:00  INFO 9492 --- [main] o.s.b.w.embedded.tomcat.TomcatWebServer  : Tomcat initialized with port(s): 8080 (http)
2025-01-03T14:27:45.102+01:00  INFO 9492 --- [main] o.apache.catalina.core.StandardService   : Starting service [Tomcat]
2025-01-03T14:27:45.104+01:00  INFO 9492 --- [main] o.apache.catalina.core.StandardEngine    : Starting Servlet engine: [Apache Tomcat/10.1.15]
2025-01-03T14:27:45.250+01:00  INFO 9492 --- [main] o.a.c.c.C.[Tomcat].[localhost].[/]       : Initializing Spring embedded WebApplicationContext
2025-01-03T14:27:45.250+01:00  INFO 9492 --- [main] w.s.c.ServletWebServerApplicationContext : Root WebApplicationContext: initialization completed in 2253 ms
2025-01-03T14:27:45.434+01:00  INFO 9492 --- [main] o.hibernate.jpa.internal.util.LogHelper  : HHH000204: Processing PersistenceUnitInfo [name: default]
2025-01-03T14:27:45.512+01:00  INFO 9492 --- [main] org.hibernate.Version                    : HHH000412: Hibernate ORM core version 6.2.13.Final
2025-01-03T14:27:45.517+01:00  INFO 9492 --- [main] org.hibernate.cfg.Environment            : HHH000406: Using bytecode reflection optimizer
2025-01-03T14:27:45.926+01:00  INFO 9492 --- [main] o.s.o.j.p.SpringPersistenceUnitInfo      : No LoadTimeWeaver setup: ignoring JPA class transformer
2025-01-03T14:27:45.964+01:00  INFO 9492 --- [main] com.zaxxer.hikari.HikariDataSource       : HikariPool-1 - Starting...
2025-01-03T14:27:46.175+01:00  INFO 9492 --- [main] com.zaxxer.hikari.pool.HikariPool        : HikariPool-1 - Added connection org.postgresql.jdbc.PgConnection@70ee1963
2025-01-03T14:27:46.178+01:00  INFO 9492 --- [main] com.zaxxer.hikari.HikariDataSource       : HikariPool-1 - Start completed.
2025-01-03T14:27:46.224+01:00  WARN 9492 --- [main] org.hibernate.orm.deprecation            : HHH90000025: PostgreSQLDialect does not need to be specified explicitly using 'hibernate.dialect' (remove the property setting and it will be selected by default)
2025-01-03T14:27:47.354+01:00  INFO 9492 --- [main] o.h.e.t.j.p.i.JtaPlatformInitiator       : HHH000489: No JTA platform available (set 'hibernate.transaction.jta.platform' to enable JTA platform integration)
2025-01-03T14:27:47.432+01:00  INFO 9492 --- [main] j.LocalContainerEntityManagerFactoryBean : Initialized JPA EntityManagerFactory for persistence unit 'default'
2025-01-03T14:27:50.332+01:00  INFO 9492 --- [main] ai.djl.pytorch.engine.PtEngine           : PyTorch graph executor optimizer is enabled, this may impact your inference latency and throughput. See: https://docs.djl.ai/docs/development/inference_performance_optimization.html#graph-executor-optimization
2025-01-03T14:27:50.335+01:00  INFO 9492 --- [main] ai.djl.pytorch.engine.PtEngine           : Number of inter-op threads is 16
2025-01-03T14:27:50.335+01:00  INFO 9492 --- [main] ai.djl.pytorch.engine.PtEngine           : Number of intra-op threads is 8
2025-01-03T14:27:50.500+01:00  INFO 9492 --- [main] ai.djl.util.Platform                     : Found matching platform from: jar:file:/C:/Users/Milica/.m2/repository/ai/djl/huggingface/tokenizers/0.28.0/tokenizers-0.28.0.jar!/native/lib/tokenizers.properties
2025-01-03T14:27:50.716+01:00  INFO 9492 --- [main] o.s.b.a.w.s.WelcomePageHandlerMapping    : Adding welcome page: class path resource [static/index.html]
2025-01-03T14:27:50.868+01:00  INFO 9492 --- [main] o.s.s.web.DefaultSecurityFilterChain     : Will secure any request with [org.springframework.security.web.session.DisableEncodeUrlFilter@73136174, org.springframework.security.web.context.request.async.WebAsyncManagerIntegrationFilter@34e4a136, org.springframework.security.web.context.SecurityContextHolderFilter@a479c0c, org.springframework.security.web.header.HeaderWriterFilter@16750a5e, org.springframework.web.filter.CorsFilter@43300e64, org.springframework.security.web.authentication.logout.LogoutFilter@3b25ce5e, com.example.udd_security_incidents.service.JwtAuthenticationFilter@69d2c460, org.springframework.security.web.savedrequest.RequestCacheAwareFilter@327af731, org.springframework.security.web.servletapi.SecurityContextHolderAwareRequestFilter@75dc995f, org.springframework.security.web.authentication.AnonymousAuthenticationFilter@27ae6f9e, org.springframework.security.web.session.SessionManagementFilter@5acc6ca1, org.springframework.security.web.access.ExceptionTranslationFilter@38cbbd0b, org.springframework.security.web.access.intercept.AuthorizationFilter@57421e4e]
2025-01-03T14:27:51.149+01:00  INFO 9492 --- [main] o.s.b.w.embedded.tomcat.TomcatWebServer  : Tomcat started on port(s): 8080 (http) with context path ''
2025-01-03T14:27:51.161+01:00  INFO 9492 --- [main] c.e.u.DdmdemoApplication                 : Started DdmdemoApplication in 8.906 seconds (process running for 10.223)
2025-01-03T14:28:07.410+01:00  INFO 9492 --- [http-nio-0.0.0.0-8080-exec-1] o.a.c.c.C.[Tomcat].[localhost].[/]       : Initializing Spring DispatcherServlet 'dispatcherServlet'
2025-01-03T14:28:07.410+01:00  INFO 9492 --- [http-nio-0.0.0.0-8080-exec-1] o.s.web.servlet.DispatcherServlet        : Initializing Servlet 'dispatcherServlet'
2025-01-03T14:28:07.412+01:00  INFO 9492 --- [http-nio-0.0.0.0-8080-exec-1] o.s.web.servlet.DispatcherServlet        : Completed initialization in 2 ms
2025-01-03T14:29:54.588+01:00  INFO 9492 --- [SpringApplicationShutdownHook] j.LocalContainerEntityManagerFactoryBean : Closing JPA EntityManagerFactory for persistence unit 'default'
2025-01-03T14:29:54.590+01:00  INFO 9492 --- [SpringApplicationShutdownHook] com.zaxxer.hikari.HikariDataSource       : HikariPool-1 - Shutdown initiated...
2025-01-03T14:29:54.594+01:00  INFO 9492 --- [SpringApplicationShutdownHook] com.zaxxer.hikari.HikariDataSource       : HikariPool-1 - Shutdown completed.
2025-01-03T14:42:23.055+01:00  INFO 31112 --- [main] c.e.u.DdmdemoApplication                 : Starting DdmdemoApplication using Java 22 with PID 31112 (C:\Users\Milica\udd\udd\UDD-back\target\classes started by Milica in C:\Users\Milica\udd\udd\UDD-back)
2025-01-03T14:42:23.058+01:00  INFO 31112 --- [main] c.e.u.DdmdemoApplication                 : No active profile set, falling back to 1 default profile: "default"
2025-01-03T14:42:23.893+01:00  INFO 31112 --- [main] .s.d.r.c.RepositoryConfigurationDelegate : Multiple Spring Data modules found, entering strict repository configuration mode
2025-01-03T14:42:23.894+01:00  INFO 31112 --- [main] .s.d.r.c.RepositoryConfigurationDelegate : Bootstrapping Spring Data Elasticsearch repositories in DEFAULT mode.
2025-01-03T14:42:23.954+01:00  INFO 31112 --- [main] .s.d.r.c.RepositoryConfigurationDelegate : Finished Spring Data repository scanning in 53 ms. Found 2 Elasticsearch repository interfaces.
2025-01-03T14:42:24.252+01:00  INFO 31112 --- [main] .s.d.r.c.RepositoryConfigurationDelegate : Multiple Spring Data modules found, entering strict repository configuration mode
2025-01-03T14:42:24.253+01:00  INFO 31112 --- [main] .s.d.r.c.RepositoryConfigurationDelegate : Bootstrapping Spring Data Reactive Elasticsearch repositories in DEFAULT mode.
2025-01-03T14:42:24.284+01:00  INFO 31112 --- [main] .RepositoryConfigurationExtensionSupport : Spring Data Reactive Elasticsearch - Could not safely identify store assignment for repository candidate interface com.example.udd_security_incidents.repository.DummyRepository; If you want this repository to be a Reactive Elasticsearch repository, consider annotating your entities with one of these annotations: org.springframework.data.elasticsearch.annotations.Document (preferred), or consider extending one of the following types with your repository: org.springframework.data.elasticsearch.repository.ReactiveElasticsearchRepository
2025-01-03T14:42:24.286+01:00  INFO 31112 --- [main] .RepositoryConfigurationExtensionSupport : Spring Data Reactive Elasticsearch - Could not safely identify store assignment for repository candidate interface com.example.udd_security_incidents.repository.UserRepository; If you want this repository to be a Reactive Elasticsearch repository, consider annotating your entities with one of these annotations: org.springframework.data.elasticsearch.annotations.Document (preferred), or consider extending one of the following types with your repository: org.springframework.data.elasticsearch.repository.ReactiveElasticsearchRepository
2025-01-03T14:42:24.287+01:00  INFO 31112 --- [main] .s.d.r.c.RepositoryConfigurationDelegate : Finished Spring Data repository scanning in 33 ms. Found 0 Reactive Elasticsearch repository interfaces.
2025-01-03T14:42:24.297+01:00  INFO 31112 --- [main] .s.d.r.c.RepositoryConfigurationDelegate : Multiple Spring Data modules found, entering strict repository configuration mode
2025-01-03T14:42:24.299+01:00  INFO 31112 --- [main] .s.d.r.c.RepositoryConfigurationDelegate : Bootstrapping Spring Data JPA repositories in DEFAULT mode.
2025-01-03T14:42:24.313+01:00  INFO 31112 --- [main] .RepositoryConfigurationExtensionSupport : Spring Data JPA - Could not safely identify store assignment for repository candidate interface com.example.udd_security_incidents.indexrepository.DummyIndexRepository; If you want this repository to be a JPA repository, consider annotating your entities with one of these annotations: jakarta.persistence.Entity, jakarta.persistence.MappedSuperclass (preferred), or consider extending one of the following types with your repository: org.springframework.data.jpa.repository.JpaRepository
2025-01-03T14:42:24.315+01:00  INFO 31112 --- [main] .RepositoryConfigurationExtensionSupport : Spring Data JPA - Could not safely identify store assignment for repository candidate interface com.example.udd_security_incidents.indexrepository.IncidentsIndexRepository; If you want this repository to be a JPA repository, consider annotating your entities with one of these annotations: jakarta.persistence.Entity, jakarta.persistence.MappedSuperclass (preferred), or consider extending one of the following types with your repository: org.springframework.data.jpa.repository.JpaRepository
2025-01-03T14:42:24.332+01:00  INFO 31112 --- [main] .s.d.r.c.RepositoryConfigurationDelegate : Finished Spring Data repository scanning in 28 ms. Found 2 JPA repository interfaces.
2025-01-03T14:42:24.664+01:00  INFO 31112 --- [main] o.s.cloud.context.scope.GenericScope     : BeanFactory id=c002e2b0-0cda-3de2-802a-e875882ef25c
2025-01-03T14:42:25.280+01:00  INFO 31112 --- [main] o.s.b.w.embedded.tomcat.TomcatWebServer  : Tomcat initialized with port(s): 8080 (http)
2025-01-03T14:42:25.292+01:00  INFO 31112 --- [main] o.apache.catalina.core.StandardService   : Starting service [Tomcat]
2025-01-03T14:42:25.293+01:00  INFO 31112 --- [main] o.apache.catalina.core.StandardEngine    : Starting Servlet engine: [Apache Tomcat/10.1.15]
2025-01-03T14:42:25.435+01:00  INFO 31112 --- [main] o.a.c.c.C.[Tomcat].[localhost].[/]       : Initializing Spring embedded WebApplicationContext
2025-01-03T14:42:25.435+01:00  INFO 31112 --- [main] w.s.c.ServletWebServerApplicationContext : Root WebApplicationContext: initialization completed in 2309 ms
2025-01-03T14:42:25.602+01:00  INFO 31112 --- [main] o.hibernate.jpa.internal.util.LogHelper  : HHH000204: Processing PersistenceUnitInfo [name: default]
2025-01-03T14:42:25.671+01:00  INFO 31112 --- [main] org.hibernate.Version                    : HHH000412: Hibernate ORM core version 6.2.13.Final
2025-01-03T14:42:25.675+01:00  INFO 31112 --- [main] org.hibernate.cfg.Environment            : HHH000406: Using bytecode reflection optimizer
2025-01-03T14:42:25.982+01:00  INFO 31112 --- [main] o.s.o.j.p.SpringPersistenceUnitInfo      : No LoadTimeWeaver setup: ignoring JPA class transformer
2025-01-03T14:42:26.022+01:00  INFO 31112 --- [main] com.zaxxer.hikari.HikariDataSource       : HikariPool-1 - Starting...
2025-01-03T14:42:26.195+01:00  INFO 31112 --- [main] com.zaxxer.hikari.pool.HikariPool        : HikariPool-1 - Added connection org.postgresql.jdbc.PgConnection@2c2a7d53
2025-01-03T14:42:26.197+01:00  INFO 31112 --- [main] com.zaxxer.hikari.HikariDataSource       : HikariPool-1 - Start completed.
2025-01-03T14:42:26.231+01:00  WARN 31112 --- [main] org.hibernate.orm.deprecation            : HHH90000025: PostgreSQLDialect does not need to be specified explicitly using 'hibernate.dialect' (remove the property setting and it will be selected by default)
2025-01-03T14:42:27.033+01:00  INFO 31112 --- [main] o.h.e.t.j.p.i.JtaPlatformInitiator       : HHH000489: No JTA platform available (set 'hibernate.transaction.jta.platform' to enable JTA platform integration)
2025-01-03T14:42:27.088+01:00  INFO 31112 --- [main] j.LocalContainerEntityManagerFactoryBean : Initialized JPA EntityManagerFactory for persistence unit 'default'
2025-01-03T14:42:29.310+01:00  INFO 31112 --- [main] ai.djl.pytorch.engine.PtEngine           : PyTorch graph executor optimizer is enabled, this may impact your inference latency and throughput. See: https://docs.djl.ai/docs/development/inference_performance_optimization.html#graph-executor-optimization
2025-01-03T14:42:29.312+01:00  INFO 31112 --- [main] ai.djl.pytorch.engine.PtEngine           : Number of inter-op threads is 16
2025-01-03T14:42:29.312+01:00  INFO 31112 --- [main] ai.djl.pytorch.engine.PtEngine           : Number of intra-op threads is 8
2025-01-03T14:42:29.491+01:00  INFO 31112 --- [main] ai.djl.util.Platform                     : Found matching platform from: jar:file:/C:/Users/Milica/.m2/repository/ai/djl/huggingface/tokenizers/0.28.0/tokenizers-0.28.0.jar!/native/lib/tokenizers.properties
2025-01-03T14:42:29.747+01:00  INFO 31112 --- [main] o.s.b.a.w.s.WelcomePageHandlerMapping    : Adding welcome page: class path resource [static/index.html]
2025-01-03T14:42:29.927+01:00  INFO 31112 --- [main] o.s.s.web.DefaultSecurityFilterChain     : Will secure any request with [org.springframework.security.web.session.DisableEncodeUrlFilter@9d4d221, org.springframework.security.web.context.request.async.WebAsyncManagerIntegrationFilter@4dfe5727, org.springframework.security.web.context.SecurityContextHolderFilter@4824d077, org.springframework.security.web.header.HeaderWriterFilter@651bec9a, org.springframework.web.filter.CorsFilter@3129792a, org.springframework.security.web.authentication.logout.LogoutFilter@e10809f, com.example.udd_security_incidents.service.JwtAuthenticationFilter@24d73c51, org.springframework.security.web.savedrequest.RequestCacheAwareFilter@5d5a77de, org.springframework.security.web.servletapi.SecurityContextHolderAwareRequestFilter@4283f29b, org.springframework.security.web.authentication.AnonymousAuthenticationFilter@13617139, org.springframework.security.web.session.SessionManagementFilter@47fca369, org.springframework.security.web.access.ExceptionTranslationFilter@72499396, org.springframework.security.web.access.intercept.AuthorizationFilter@238cac6]
2025-01-03T14:42:30.197+01:00  INFO 31112 --- [main] o.s.b.w.embedded.tomcat.TomcatWebServer  : Tomcat started on port(s): 8080 (http) with context path ''
2025-01-03T14:42:30.208+01:00  INFO 31112 --- [main] c.e.u.DdmdemoApplication                 : Started DdmdemoApplication in 7.779 seconds (process running for 8.821)
2025-01-03T14:42:35.626+01:00  INFO 31112 --- [http-nio-0.0.0.0-8080-exec-1] o.a.c.c.C.[Tomcat].[localhost].[/]       : Initializing Spring DispatcherServlet 'dispatcherServlet'
2025-01-03T14:42:35.627+01:00  INFO 31112 --- [http-nio-0.0.0.0-8080-exec-1] o.s.web.servlet.DispatcherServlet        : Initializing Servlet 'dispatcherServlet'
2025-01-03T14:42:35.629+01:00  INFO 31112 --- [http-nio-0.0.0.0-8080-exec-1] o.s.web.servlet.DispatcherServlet        : Completed initialization in 1 ms
2025-01-03T14:43:23.116+01:00  INFO 31112 --- [SpringApplicationShutdownHook] j.LocalContainerEntityManagerFactoryBean : Closing JPA EntityManagerFactory for persistence unit 'default'
2025-01-03T14:43:23.120+01:00  INFO 31112 --- [SpringApplicationShutdownHook] com.zaxxer.hikari.HikariDataSource       : HikariPool-1 - Shutdown initiated...
2025-01-03T14:43:23.139+01:00  INFO 31112 --- [SpringApplicationShutdownHook] com.zaxxer.hikari.HikariDataSource       : HikariPool-1 - Shutdown completed.
2025-01-03T14:43:26.895+01:00  INFO 22900 --- [main] c.e.u.DdmdemoApplication                 : Starting DdmdemoApplication using Java 22 with PID 22900 (C:\Users\Milica\udd\udd\UDD-back\target\classes started by Milica in C:\Users\Milica\udd\udd\UDD-back)
2025-01-03T14:43:26.898+01:00  INFO 22900 --- [main] c.e.u.DdmdemoApplication                 : No active profile set, falling back to 1 default profile: "default"
2025-01-03T14:43:27.656+01:00  INFO 22900 --- [main] .s.d.r.c.RepositoryConfigurationDelegate : Multiple Spring Data modules found, entering strict repository configuration mode
2025-01-03T14:43:27.657+01:00  INFO 22900 --- [main] .s.d.r.c.RepositoryConfigurationDelegate : Bootstrapping Spring Data Elasticsearch repositories in DEFAULT mode.
2025-01-03T14:43:27.717+01:00  INFO 22900 --- [main] .s.d.r.c.RepositoryConfigurationDelegate : Finished Spring Data repository scanning in 53 ms. Found 2 Elasticsearch repository interfaces.
2025-01-03T14:43:27.989+01:00  INFO 22900 --- [main] .s.d.r.c.RepositoryConfigurationDelegate : Multiple Spring Data modules found, entering strict repository configuration mode
2025-01-03T14:43:27.990+01:00  INFO 22900 --- [main] .s.d.r.c.RepositoryConfigurationDelegate : Bootstrapping Spring Data Reactive Elasticsearch repositories in DEFAULT mode.
2025-01-03T14:43:28.022+01:00  INFO 22900 --- [main] .RepositoryConfigurationExtensionSupport : Spring Data Reactive Elasticsearch - Could not safely identify store assignment for repository candidate interface com.example.udd_security_incidents.repository.DummyRepository; If you want this repository to be a Reactive Elasticsearch repository, consider annotating your entities with one of these annotations: org.springframework.data.elasticsearch.annotations.Document (preferred), or consider extending one of the following types with your repository: org.springframework.data.elasticsearch.repository.ReactiveElasticsearchRepository
2025-01-03T14:43:28.023+01:00  INFO 22900 --- [main] .RepositoryConfigurationExtensionSupport : Spring Data Reactive Elasticsearch - Could not safely identify store assignment for repository candidate interface com.example.udd_security_incidents.repository.UserRepository; If you want this repository to be a Reactive Elasticsearch repository, consider annotating your entities with one of these annotations: org.springframework.data.elasticsearch.annotations.Document (preferred), or consider extending one of the following types with your repository: org.springframework.data.elasticsearch.repository.ReactiveElasticsearchRepository
2025-01-03T14:43:28.024+01:00  INFO 22900 --- [main] .s.d.r.c.RepositoryConfigurationDelegate : Finished Spring Data repository scanning in 33 ms. Found 0 Reactive Elasticsearch repository interfaces.
2025-01-03T14:43:28.033+01:00  INFO 22900 --- [main] .s.d.r.c.RepositoryConfigurationDelegate : Multiple Spring Data modules found, entering strict repository configuration mode
2025-01-03T14:43:28.035+01:00  INFO 22900 --- [main] .s.d.r.c.RepositoryConfigurationDelegate : Bootstrapping Spring Data JPA repositories in DEFAULT mode.
2025-01-03T14:43:28.049+01:00  INFO 22900 --- [main] .RepositoryConfigurationExtensionSupport : Spring Data JPA - Could not safely identify store assignment for repository candidate interface com.example.udd_security_incidents.indexrepository.DummyIndexRepository; If you want this repository to be a JPA repository, consider annotating your entities with one of these annotations: jakarta.persistence.Entity, jakarta.persistence.MappedSuperclass (preferred), or consider extending one of the following types with your repository: org.springframework.data.jpa.repository.JpaRepository
2025-01-03T14:43:28.051+01:00  INFO 22900 --- [main] .RepositoryConfigurationExtensionSupport : Spring Data JPA - Could not safely identify store assignment for repository candidate interface com.example.udd_security_incidents.indexrepository.IncidentsIndexRepository; If you want this repository to be a JPA repository, consider annotating your entities with one of these annotations: jakarta.persistence.Entity, jakarta.persistence.MappedSuperclass (preferred), or consider extending one of the following types with your repository: org.springframework.data.jpa.repository.JpaRepository
2025-01-03T14:43:28.068+01:00  INFO 22900 --- [main] .s.d.r.c.RepositoryConfigurationDelegate : Finished Spring Data repository scanning in 27 ms. Found 2 JPA repository interfaces.
2025-01-03T14:43:28.374+01:00  INFO 22900 --- [main] o.s.cloud.context.scope.GenericScope     : BeanFactory id=c002e2b0-0cda-3de2-802a-e875882ef25c
2025-01-03T14:43:28.943+01:00  INFO 22900 --- [main] o.s.b.w.embedded.tomcat.TomcatWebServer  : Tomcat initialized with port(s): 8080 (http)
2025-01-03T14:43:28.954+01:00  INFO 22900 --- [main] o.apache.catalina.core.StandardService   : Starting service [Tomcat]
2025-01-03T14:43:28.954+01:00  INFO 22900 --- [main] o.apache.catalina.core.StandardEngine    : Starting Servlet engine: [Apache Tomcat/10.1.15]
2025-01-03T14:43:29.100+01:00  INFO 22900 --- [main] o.a.c.c.C.[Tomcat].[localhost].[/]       : Initializing Spring embedded WebApplicationContext
2025-01-03T14:43:29.100+01:00  INFO 22900 --- [main] w.s.c.ServletWebServerApplicationContext : Root WebApplicationContext: initialization completed in 2140 ms
2025-01-03T14:43:29.290+01:00  INFO 22900 --- [main] o.hibernate.jpa.internal.util.LogHelper  : HHH000204: Processing PersistenceUnitInfo [name: default]
2025-01-03T14:43:29.368+01:00  INFO 22900 --- [main] org.hibernate.Version                    : HHH000412: Hibernate ORM core version 6.2.13.Final
2025-01-03T14:43:29.372+01:00  INFO 22900 --- [main] org.hibernate.cfg.Environment            : HHH000406: Using bytecode reflection optimizer
2025-01-03T14:43:29.765+01:00  INFO 22900 --- [main] o.s.o.j.p.SpringPersistenceUnitInfo      : No LoadTimeWeaver setup: ignoring JPA class transformer
2025-01-03T14:43:29.803+01:00  INFO 22900 --- [main] com.zaxxer.hikari.HikariDataSource       : HikariPool-1 - Starting...
2025-01-03T14:43:30.020+01:00  INFO 22900 --- [main] com.zaxxer.hikari.pool.HikariPool        : HikariPool-1 - Added connection org.postgresql.jdbc.PgConnection@2e0652ab
2025-01-03T14:43:30.054+01:00  INFO 22900 --- [main] com.zaxxer.hikari.HikariDataSource       : HikariPool-1 - Start completed.
2025-01-03T14:43:30.096+01:00  WARN 22900 --- [main] org.hibernate.orm.deprecation            : HHH90000025: PostgreSQLDialect does not need to be specified explicitly using 'hibernate.dialect' (remove the property setting and it will be selected by default)
2025-01-03T14:43:31.286+01:00  INFO 22900 --- [main] o.h.e.t.j.p.i.JtaPlatformInitiator       : HHH000489: No JTA platform available (set 'hibernate.transaction.jta.platform' to enable JTA platform integration)
2025-01-03T14:43:31.359+01:00  INFO 22900 --- [main] j.LocalContainerEntityManagerFactoryBean : Initialized JPA EntityManagerFactory for persistence unit 'default'
2025-01-03T14:43:34.020+01:00  INFO 22900 --- [main] ai.djl.pytorch.engine.PtEngine           : PyTorch graph executor optimizer is enabled, this may impact your inference latency and throughput. See: https://docs.djl.ai/docs/development/inference_performance_optimization.html#graph-executor-optimization
2025-01-03T14:43:34.023+01:00  INFO 22900 --- [main] ai.djl.pytorch.engine.PtEngine           : Number of inter-op threads is 16
2025-01-03T14:43:34.024+01:00  INFO 22900 --- [main] ai.djl.pytorch.engine.PtEngine           : Number of intra-op threads is 8
2025-01-03T14:43:34.177+01:00  INFO 22900 --- [main] ai.djl.util.Platform                     : Found matching platform from: jar:file:/C:/Users/Milica/.m2/repository/ai/djl/huggingface/tokenizers/0.28.0/tokenizers-0.28.0.jar!/native/lib/tokenizers.properties
2025-01-03T14:43:34.395+01:00  INFO 22900 --- [main] o.s.b.a.w.s.WelcomePageHandlerMapping    : Adding welcome page: class path resource [static/index.html]
2025-01-03T14:43:34.549+01:00  INFO 22900 --- [main] o.s.s.web.DefaultSecurityFilterChain     : Will secure any request with [org.springframework.security.web.session.DisableEncodeUrlFilter@5a75bad4, org.springframework.security.web.context.request.async.WebAsyncManagerIntegrationFilter@77227b1f, org.springframework.security.web.context.SecurityContextHolderFilter@100235c7, org.springframework.security.web.header.HeaderWriterFilter@38cbbd0b, org.springframework.web.filter.CorsFilter@73136174, org.springframework.security.web.authentication.logout.LogoutFilter@1d0fae45, com.example.udd_security_incidents.service.JwtAuthenticationFilter@3e984100, org.springframework.security.web.savedrequest.RequestCacheAwareFilter@a479c0c, org.springframework.security.web.servletapi.SecurityContextHolderAwareRequestFilter@19203ff3, org.springframework.security.web.authentication.AnonymousAuthenticationFilter@34e4a136, org.springframework.security.web.session.SessionManagementFilter@1a56cb99, org.springframework.security.web.access.ExceptionTranslationFilter@4540aade, org.springframework.security.web.access.intercept.AuthorizationFilter@55bf08a5]
2025-01-03T14:43:34.850+01:00  INFO 22900 --- [main] o.s.b.w.embedded.tomcat.TomcatWebServer  : Tomcat started on port(s): 8080 (http) with context path ''
2025-01-03T14:43:34.860+01:00  INFO 22900 --- [main] c.e.u.DdmdemoApplication                 : Started DdmdemoApplication in 8.619 seconds (process running for 9.801)
2025-01-03T14:43:51.863+01:00  INFO 22900 --- [http-nio-0.0.0.0-8080-exec-1] o.a.c.c.C.[Tomcat].[localhost].[/]       : Initializing Spring DispatcherServlet 'dispatcherServlet'
2025-01-03T14:43:51.864+01:00  INFO 22900 --- [http-nio-0.0.0.0-8080-exec-1] o.s.web.servlet.DispatcherServlet        : Initializing Servlet 'dispatcherServlet'
2025-01-03T14:43:51.865+01:00  INFO 22900 --- [http-nio-0.0.0.0-8080-exec-1] o.s.web.servlet.DispatcherServlet        : Completed initialization in 1 ms
2025-01-03T15:37:45.479+01:00  WARN 22900 --- [HikariPool-1 housekeeper] com.zaxxer.hikari.pool.HikariPool        : HikariPool-1 - Thread starvation or clock leap detected (housekeeper delta=49m121ms210µs800ns).
2025-01-03T15:40:28.481+01:00  INFO 22900 --- [SpringApplicationShutdownHook] j.LocalContainerEntityManagerFactoryBean : Closing JPA EntityManagerFactory for persistence unit 'default'
2025-01-03T15:40:28.484+01:00  INFO 22900 --- [SpringApplicationShutdownHook] com.zaxxer.hikari.HikariDataSource       : HikariPool-1 - Shutdown initiated...
2025-01-03T15:40:28.488+01:00  INFO 22900 --- [SpringApplicationShutdownHook] com.zaxxer.hikari.HikariDataSource       : HikariPool-1 - Shutdown completed.
2025-01-03T15:40:32.650+01:00  INFO 23604 --- [main] c.e.u.DdmdemoApplication                 : Starting DdmdemoApplication using Java 22 with PID 23604 (C:\Users\Milica\udd\udd\UDD-back\target\classes started by Milica in C:\Users\Milica\udd\udd\UDD-back)
2025-01-03T15:40:32.654+01:00  INFO 23604 --- [main] c.e.u.DdmdemoApplication                 : No active profile set, falling back to 1 default profile: "default"
2025-01-03T15:40:33.407+01:00  INFO 23604 --- [main] .s.d.r.c.RepositoryConfigurationDelegate : Multiple Spring Data modules found, entering strict repository configuration mode
2025-01-03T15:40:33.408+01:00  INFO 23604 --- [main] .s.d.r.c.RepositoryConfigurationDelegate : Bootstrapping Spring Data Elasticsearch repositories in DEFAULT mode.
2025-01-03T15:40:33.468+01:00  INFO 23604 --- [main] .s.d.r.c.RepositoryConfigurationDelegate : Finished Spring Data repository scanning in 54 ms. Found 2 Elasticsearch repository interfaces.
2025-01-03T15:40:33.720+01:00  INFO 23604 --- [main] .s.d.r.c.RepositoryConfigurationDelegate : Multiple Spring Data modules found, entering strict repository configuration mode
2025-01-03T15:40:33.721+01:00  INFO 23604 --- [main] .s.d.r.c.RepositoryConfigurationDelegate : Bootstrapping Spring Data Reactive Elasticsearch repositories in DEFAULT mode.
2025-01-03T15:40:33.752+01:00  INFO 23604 --- [main] .RepositoryConfigurationExtensionSupport : Spring Data Reactive Elasticsearch - Could not safely identify store assignment for repository candidate interface com.example.udd_security_incidents.repository.DummyRepository; If you want this repository to be a Reactive Elasticsearch repository, consider annotating your entities with one of these annotations: org.springframework.data.elasticsearch.annotations.Document (preferred), or consider extending one of the following types with your repository: org.springframework.data.elasticsearch.repository.ReactiveElasticsearchRepository
2025-01-03T15:40:33.753+01:00  INFO 23604 --- [main] .RepositoryConfigurationExtensionSupport : Spring Data Reactive Elasticsearch - Could not safely identify store assignment for repository candidate interface com.example.udd_security_incidents.repository.UserRepository; If you want this repository to be a Reactive Elasticsearch repository, consider annotating your entities with one of these annotations: org.springframework.data.elasticsearch.annotations.Document (preferred), or consider extending one of the following types with your repository: org.springframework.data.elasticsearch.repository.ReactiveElasticsearchRepository
2025-01-03T15:40:33.753+01:00  INFO 23604 --- [main] .s.d.r.c.RepositoryConfigurationDelegate : Finished Spring Data repository scanning in 31 ms. Found 0 Reactive Elasticsearch repository interfaces.
2025-01-03T15:40:33.766+01:00  INFO 23604 --- [main] .s.d.r.c.RepositoryConfigurationDelegate : Multiple Spring Data modules found, entering strict repository configuration mode
2025-01-03T15:40:33.767+01:00  INFO 23604 --- [main] .s.d.r.c.RepositoryConfigurationDelegate : Bootstrapping Spring Data JPA repositories in DEFAULT mode.
2025-01-03T15:40:33.784+01:00  INFO 23604 --- [main] .RepositoryConfigurationExtensionSupport : Spring Data JPA - Could not safely identify store assignment for repository candidate interface com.example.udd_security_incidents.indexrepository.DummyIndexRepository; If you want this repository to be a JPA repository, consider annotating your entities with one of these annotations: jakarta.persistence.Entity, jakarta.persistence.MappedSuperclass (preferred), or consider extending one of the following types with your repository: org.springframework.data.jpa.repository.JpaRepository
2025-01-03T15:40:33.786+01:00  INFO 23604 --- [main] .RepositoryConfigurationExtensionSupport : Spring Data JPA - Could not safely identify store assignment for repository candidate interface com.example.udd_security_incidents.indexrepository.IncidentsIndexRepository; If you want this repository to be a JPA repository, consider annotating your entities with one of these annotations: jakarta.persistence.Entity, jakarta.persistence.MappedSuperclass (preferred), or consider extending one of the following types with your repository: org.springframework.data.jpa.repository.JpaRepository
2025-01-03T15:40:33.803+01:00  INFO 23604 --- [main] .s.d.r.c.RepositoryConfigurationDelegate : Finished Spring Data repository scanning in 31 ms. Found 2 JPA repository interfaces.
2025-01-03T15:40:34.122+01:00  INFO 23604 --- [main] o.s.cloud.context.scope.GenericScope     : BeanFactory id=c002e2b0-0cda-3de2-802a-e875882ef25c
2025-01-03T15:40:34.695+01:00  INFO 23604 --- [main] o.s.b.w.embedded.tomcat.TomcatWebServer  : Tomcat initialized with port(s): 8080 (http)
2025-01-03T15:40:34.716+01:00  INFO 23604 --- [main] o.apache.catalina.core.StandardService   : Starting service [Tomcat]
2025-01-03T15:40:34.716+01:00  INFO 23604 --- [main] o.apache.catalina.core.StandardEngine    : Starting Servlet engine: [Apache Tomcat/10.1.15]
2025-01-03T15:40:34.872+01:00  INFO 23604 --- [main] o.a.c.c.C.[Tomcat].[localhost].[/]       : Initializing Spring embedded WebApplicationContext
2025-01-03T15:40:34.872+01:00  INFO 23604 --- [main] w.s.c.ServletWebServerApplicationContext : Root WebApplicationContext: initialization completed in 2157 ms
2025-01-03T15:40:35.060+01:00  INFO 23604 --- [main] o.hibernate.jpa.internal.util.LogHelper  : HHH000204: Processing PersistenceUnitInfo [name: default]
2025-01-03T15:40:35.135+01:00  INFO 23604 --- [main] org.hibernate.Version                    : HHH000412: Hibernate ORM core version 6.2.13.Final
2025-01-03T15:40:35.140+01:00  INFO 23604 --- [main] org.hibernate.cfg.Environment            : HHH000406: Using bytecode reflection optimizer
2025-01-03T15:40:35.540+01:00  INFO 23604 --- [main] o.s.o.j.p.SpringPersistenceUnitInfo      : No LoadTimeWeaver setup: ignoring JPA class transformer
2025-01-03T15:40:35.578+01:00  INFO 23604 --- [main] com.zaxxer.hikari.HikariDataSource       : HikariPool-1 - Starting...
2025-01-03T15:40:35.788+01:00  INFO 23604 --- [main] com.zaxxer.hikari.pool.HikariPool        : HikariPool-1 - Added connection org.postgresql.jdbc.PgConnection@839755f
2025-01-03T15:40:35.791+01:00  INFO 23604 --- [main] com.zaxxer.hikari.HikariDataSource       : HikariPool-1 - Start completed.
2025-01-03T15:40:35.838+01:00  WARN 23604 --- [main] org.hibernate.orm.deprecation            : HHH90000025: PostgreSQLDialect does not need to be specified explicitly using 'hibernate.dialect' (remove the property setting and it will be selected by default)
2025-01-03T15:40:36.959+01:00  INFO 23604 --- [main] o.h.e.t.j.p.i.JtaPlatformInitiator       : HHH000489: No JTA platform available (set 'hibernate.transaction.jta.platform' to enable JTA platform integration)
2025-01-03T15:40:37.092+01:00  INFO 23604 --- [main] j.LocalContainerEntityManagerFactoryBean : Initialized JPA EntityManagerFactory for persistence unit 'default'
2025-01-03T15:40:39.947+01:00  INFO 23604 --- [main] ai.djl.pytorch.engine.PtEngine           : PyTorch graph executor optimizer is enabled, this may impact your inference latency and throughput. See: https://docs.djl.ai/docs/development/inference_performance_optimization.html#graph-executor-optimization
2025-01-03T15:40:39.949+01:00  INFO 23604 --- [main] ai.djl.pytorch.engine.PtEngine           : Number of inter-op threads is 16
2025-01-03T15:40:39.950+01:00  INFO 23604 --- [main] ai.djl.pytorch.engine.PtEngine           : Number of intra-op threads is 8
2025-01-03T15:40:40.106+01:00  INFO 23604 --- [main] ai.djl.util.Platform                     : Found matching platform from: jar:file:/C:/Users/Milica/.m2/repository/ai/djl/huggingface/tokenizers/0.28.0/tokenizers-0.28.0.jar!/native/lib/tokenizers.properties
2025-01-03T15:40:40.373+01:00  INFO 23604 --- [main] o.s.b.a.w.s.WelcomePageHandlerMapping    : Adding welcome page: class path resource [static/index.html]
2025-01-03T15:40:40.538+01:00  INFO 23604 --- [main] o.s.s.web.DefaultSecurityFilterChain     : Will secure any request with [org.springframework.security.web.session.DisableEncodeUrlFilter@610115e8, org.springframework.security.web.context.request.async.WebAsyncManagerIntegrationFilter@498d7c57, org.springframework.security.web.context.SecurityContextHolderFilter@7b99e726, org.springframework.security.web.header.HeaderWriterFilter@517f9ba3, org.springframework.web.filter.CorsFilter@12ff0e4f, org.springframework.security.web.authentication.logout.LogoutFilter@6a40e660, com.example.udd_security_incidents.service.JwtAuthenticationFilter@5c9168c3, org.springframework.security.web.savedrequest.RequestCacheAwareFilter@583b177a, org.springframework.security.web.servletapi.SecurityContextHolderAwareRequestFilter@42cef0af, org.springframework.security.web.authentication.AnonymousAuthenticationFilter@66b9f727, org.springframework.security.web.session.SessionManagementFilter@1d0fae45, org.springframework.security.web.access.ExceptionTranslationFilter@21a09c5a, org.springframework.security.web.access.intercept.AuthorizationFilter@592e315e]
2025-01-03T15:40:40.838+01:00  INFO 23604 --- [main] o.s.b.w.embedded.tomcat.TomcatWebServer  : Tomcat started on port(s): 8080 (http) with context path ''
2025-01-03T15:40:40.851+01:00  INFO 23604 --- [main] c.e.u.DdmdemoApplication                 : Started DdmdemoApplication in 8.897 seconds (process running for 10.111)
2025-01-03T15:40:45.248+01:00  INFO 23604 --- [http-nio-0.0.0.0-8080-exec-1] o.a.c.c.C.[Tomcat].[localhost].[/]       : Initializing Spring DispatcherServlet 'dispatcherServlet'
2025-01-03T15:40:45.248+01:00  INFO 23604 --- [http-nio-0.0.0.0-8080-exec-1] o.s.web.servlet.DispatcherServlet        : Initializing Servlet 'dispatcherServlet'
2025-01-03T15:40:45.251+01:00  INFO 23604 --- [http-nio-0.0.0.0-8080-exec-1] o.s.web.servlet.DispatcherServlet        : Completed initialization in 2 ms
2025-01-03T15:44:30.252+01:00  WARN 23604 --- [HikariPool-1 housekeeper] com.zaxxer.hikari.pool.HikariPool        : HikariPool-1 - Thread starvation or clock leap detected (housekeeper delta=1m32s731ms69µs400ns).
2025-01-03T15:54:46.288+01:00  WARN 23604 --- [HikariPool-1 housekeeper] com.zaxxer.hikari.pool.HikariPool        : HikariPool-1 - Thread starvation or clock leap detected (housekeeper delta=55s349ms569µs800ns).
2025-01-03T15:55:39.272+01:00  WARN 23604 --- [HikariPool-1 housekeeper] com.zaxxer.hikari.pool.HikariPool        : HikariPool-1 - Thread starvation or clock leap detected (housekeeper delta=52s984ms46µs100ns).
2025-01-03T15:59:01.377+01:00  INFO 23604 --- [SpringApplicationShutdownHook] j.LocalContainerEntityManagerFactoryBean : Closing JPA EntityManagerFactory for persistence unit 'default'
2025-01-03T15:59:01.380+01:00  INFO 23604 --- [SpringApplicationShutdownHook] com.zaxxer.hikari.HikariDataSource       : HikariPool-1 - Shutdown initiated...
2025-01-03T15:59:01.384+01:00  INFO 23604 --- [SpringApplicationShutdownHook] com.zaxxer.hikari.HikariDataSource       : HikariPool-1 - Shutdown completed.
